2024-11-16 19:21:50,062	[INFO]	(client.py:162)_bot_login	[botpy] 登录机器人账号中...
2024-11-16 19:21:50,086	[INFO]	(client.py:162)_bot_login	[botpy] 登录机器人账号中...
2024-11-16 19:21:50,086	[INFO]	(client.py:162)_bot_login	[botpy] 登录机器人账号中...
2024-11-16 19:21:50,239	[INFO]	(robot.py:65)update_access_token	[botpy] access_token expires_in 1822
2024-11-16 19:21:50,244	[INFO]	(robot.py:65)update_access_token	[botpy] access_token expires_in 1822
2024-11-16 19:21:50,264	[INFO]	(robot.py:65)update_access_token	[botpy] access_token expires_in 1822
2024-11-16 19:21:50,757	[INFO]	(client.py:181)_bot_init	[botpy] 程序启动...
2024-11-16 19:21:50,757	[INFO]	(connection.py:60)multi_run	[botpy] 最大并发连接数: 1, 启动会话数: 1
2024-11-16 19:21:50,758	[INFO]	(client.py:242)bot_connect	[botpy] 会话启动中...
2024-11-16 19:21:50,758	[INFO]	(gateway.py:115)ws_connect	[botpy] 启动中...
2024-11-16 19:21:50,779	[INFO]	(client.py:181)_bot_init	[botpy] 程序启动...
2024-11-16 19:21:50,779	[INFO]	(connection.py:60)multi_run	[botpy] 最大并发连接数: 1, 启动会话数: 1
2024-11-16 19:21:50,781	[INFO]	(client.py:242)bot_connect	[botpy] 会话启动中...
2024-11-16 19:21:50,781	[INFO]	(gateway.py:115)ws_connect	[botpy] 启动中...
2024-11-16 19:21:50,863	[INFO]	(client.py:181)_bot_init	[botpy] 程序启动...
2024-11-16 19:21:50,863	[INFO]	(connection.py:60)multi_run	[botpy] 最大并发连接数: 1, 启动会话数: 1
2024-11-16 19:21:50,863	[INFO]	(client.py:242)bot_connect	[botpy] 会话启动中...
2024-11-16 19:21:50,863	[INFO]	(gateway.py:115)ws_connect	[botpy] 启动中...
2024-11-16 19:21:50,913	[INFO]	(gateway.py:142)ws_identify	[botpy] 鉴权中...
2024-11-16 19:21:50,945	[INFO]	(gateway.py:142)ws_identify	[botpy] 鉴权中...
2024-11-16 19:21:51,022	[INFO]	(gateway.py:56)on_closed	[botpy] 关闭, 返回码: 4903, 返回信息: create session error
2024-11-16 19:21:51,022	[INFO]	(gateway.py:62)on_closed	[botpy] 无法重连，创建新连接!
2024-11-16 19:21:51,022	[INFO]	(gateway.py:134)ws_connect	[botpy] ws关闭, 停止接收消息!
2024-11-16 19:21:51,037	[INFO]	(gateway.py:85)on_message	[botpy] 机器人「葡叶酱-测试中」启动成功！
2024-11-16 19:21:51,037	[INFO]	(gateway.py:223)_send_heart	[botpy] 心跳维持启动...
2024-11-16 19:21:51,038	[INFO]	(private_handler.py:9)on_ready	私信机器人 「葡叶酱-测试中」 已启动！
2024-11-16 19:21:51,040	[INFO]	(gateway.py:142)ws_identify	[botpy] 鉴权中...
2024-11-16 19:21:51,127	[INFO]	(gateway.py:56)on_closed	[botpy] 关闭, 返回码: 4903, 返回信息: create session error
2024-11-16 19:21:51,129	[INFO]	(gateway.py:62)on_closed	[botpy] 无法重连，创建新连接!
2024-11-16 19:21:51,129	[INFO]	(gateway.py:134)ws_connect	[botpy] ws关闭, 停止接收消息!
2024-11-16 19:21:56,039	[INFO]	(connection.py:60)multi_run	[botpy] 最大并发连接数: 1, 启动会话数: 1
2024-11-16 19:21:56,039	[INFO]	(client.py:242)bot_connect	[botpy] 会话启动中...
2024-11-16 19:21:56,039	[INFO]	(gateway.py:115)ws_connect	[botpy] 启动中...
2024-11-16 19:21:56,140	[INFO]	(connection.py:60)multi_run	[botpy] 最大并发连接数: 1, 启动会话数: 1
2024-11-16 19:21:56,140	[INFO]	(client.py:242)bot_connect	[botpy] 会话启动中...
2024-11-16 19:21:56,140	[INFO]	(gateway.py:115)ws_connect	[botpy] 启动中...
2024-11-16 19:21:56,252	[INFO]	(gateway.py:142)ws_identify	[botpy] 鉴权中...
2024-11-16 19:21:56,291	[INFO]	(gateway.py:142)ws_identify	[botpy] 鉴权中...
2024-11-16 19:21:56,345	[INFO]	(gateway.py:56)on_closed	[botpy] 关闭, 返回码: 4903, 返回信息: create session error
2024-11-16 19:21:56,345	[INFO]	(gateway.py:62)on_closed	[botpy] 无法重连，创建新连接!
2024-11-16 19:21:56,345	[INFO]	(gateway.py:134)ws_connect	[botpy] ws关闭, 停止接收消息!
2024-11-16 19:21:56,360	[INFO]	(gateway.py:85)on_message	[botpy] 机器人「葡叶酱-测试中」启动成功！
2024-11-16 19:21:56,360	[INFO]	(gateway.py:223)_send_heart	[botpy] 心跳维持启动...
2024-11-16 19:21:56,361	[INFO]	(channel_handler.py:10)on_ready	频道机器人 「葡叶酱-测试中」 已启动！
2024-11-16 19:22:01,356	[INFO]	(connection.py:60)multi_run	[botpy] 最大并发连接数: 1, 启动会话数: 1
2024-11-16 19:22:01,357	[INFO]	(client.py:242)bot_connect	[botpy] 会话启动中...
2024-11-16 19:22:01,357	[INFO]	(gateway.py:115)ws_connect	[botpy] 启动中...
2024-11-16 19:22:01,530	[INFO]	(gateway.py:142)ws_identify	[botpy] 鉴权中...
2024-11-16 19:22:01,789	[INFO]	(gateway.py:85)on_message	[botpy] 机器人「葡叶酱-测试中」启动成功！
2024-11-16 19:22:01,789	[INFO]	(gateway.py:223)_send_heart	[botpy] 心跳维持启动...
2024-11-16 19:22:01,789	[INFO]	(group_handler.py:9)on_ready	群聊机器人 「葡叶酱-测试中」 已启动！
2024-11-16 19:27:25,896	[INFO]	(client.py:162)_bot_login	[botpy] 登录机器人账号中...
2024-11-16 19:27:25,929	[INFO]	(client.py:162)_bot_login	[botpy] 登录机器人账号中...
2024-11-16 19:27:25,930	[INFO]	(client.py:162)_bot_login	[botpy] 登录机器人账号中...
2024-11-16 19:27:26,164	[INFO]	(robot.py:65)update_access_token	[botpy] access_token expires_in 1486
2024-11-16 19:27:26,167	[INFO]	(robot.py:65)update_access_token	[botpy] access_token expires_in 1486
2024-11-16 19:27:26,176	[INFO]	(robot.py:65)update_access_token	[botpy] access_token expires_in 1486
2024-11-16 19:27:26,724	[INFO]	(client.py:181)_bot_init	[botpy] 程序启动...
2024-11-16 19:27:26,724	[INFO]	(connection.py:60)multi_run	[botpy] 最大并发连接数: 1, 启动会话数: 1
2024-11-16 19:27:26,724	[INFO]	(client.py:242)bot_connect	[botpy] 会话启动中...
2024-11-16 19:27:26,724	[INFO]	(gateway.py:115)ws_connect	[botpy] 启动中...
2024-11-16 19:27:26,755	[INFO]	(client.py:181)_bot_init	[botpy] 程序启动...
2024-11-16 19:27:26,755	[INFO]	(connection.py:60)multi_run	[botpy] 最大并发连接数: 1, 启动会话数: 1
2024-11-16 19:27:26,755	[INFO]	(client.py:242)bot_connect	[botpy] 会话启动中...
2024-11-16 19:27:26,755	[INFO]	(gateway.py:115)ws_connect	[botpy] 启动中...
2024-11-16 19:27:26,893	[INFO]	(gateway.py:142)ws_identify	[botpy] 鉴权中...
2024-11-16 19:27:26,921	[INFO]	(gateway.py:142)ws_identify	[botpy] 鉴权中...
2024-11-16 19:27:26,978	[INFO]	(gateway.py:56)on_closed	[botpy] 关闭, 返回码: 4903, 返回信息: create session error
2024-11-16 19:27:26,978	[INFO]	(gateway.py:62)on_closed	[botpy] 无法重连，创建新连接!
2024-11-16 19:27:26,978	[INFO]	(gateway.py:134)ws_connect	[botpy] ws关闭, 停止接收消息!
2024-11-16 19:27:26,980	[INFO]	(gateway.py:85)on_message	[botpy] 机器人「葡叶酱-测试中」启动成功！
2024-11-16 19:27:26,980	[INFO]	(gateway.py:223)_send_heart	[botpy] 心跳维持启动...
2024-11-16 19:27:26,980	[INFO]	(private_handler.py:17)on_ready	私信机器人 「葡叶酱-测试中」 已启动！
2024-11-16 19:27:27,069	[INFO]	(client.py:181)_bot_init	[botpy] 程序启动...
2024-11-16 19:27:27,069	[INFO]	(connection.py:60)multi_run	[botpy] 最大并发连接数: 1, 启动会话数: 1
2024-11-16 19:27:27,069	[INFO]	(client.py:242)bot_connect	[botpy] 会话启动中...
2024-11-16 19:27:27,069	[INFO]	(gateway.py:115)ws_connect	[botpy] 启动中...
2024-11-16 19:27:27,264	[INFO]	(gateway.py:142)ws_identify	[botpy] 鉴权中...
2024-11-16 19:27:27,330	[INFO]	(gateway.py:56)on_closed	[botpy] 关闭, 返回码: 4903, 返回信息: create session error
2024-11-16 19:27:27,330	[INFO]	(gateway.py:62)on_closed	[botpy] 无法重连，创建新连接!
2024-11-16 19:27:27,330	[INFO]	(gateway.py:134)ws_connect	[botpy] ws关闭, 停止接收消息!
2024-11-16 19:27:31,986	[INFO]	(connection.py:60)multi_run	[botpy] 最大并发连接数: 1, 启动会话数: 1
2024-11-16 19:27:31,987	[INFO]	(client.py:242)bot_connect	[botpy] 会话启动中...
2024-11-16 19:27:31,987	[INFO]	(gateway.py:115)ws_connect	[botpy] 启动中...
2024-11-16 19:27:32,158	[INFO]	(gateway.py:142)ws_identify	[botpy] 鉴权中...
2024-11-16 19:27:32,258	[INFO]	(gateway.py:85)on_message	[botpy] 机器人「葡叶酱-测试中」启动成功！
2024-11-16 19:27:32,259	[INFO]	(gateway.py:223)_send_heart	[botpy] 心跳维持启动...
2024-11-16 19:27:32,260	[INFO]	(channel_handler.py:20)on_ready	频道机器人 「葡叶酱-测试中」 已启动！
2024-11-16 19:27:32,347	[INFO]	(connection.py:60)multi_run	[botpy] 最大并发连接数: 1, 启动会话数: 1
2024-11-16 19:27:32,347	[INFO]	(client.py:242)bot_connect	[botpy] 会话启动中...
2024-11-16 19:27:32,347	[INFO]	(gateway.py:115)ws_connect	[botpy] 启动中...
2024-11-16 19:27:32,587	[INFO]	(gateway.py:142)ws_identify	[botpy] 鉴权中...
2024-11-16 19:27:32,678	[INFO]	(gateway.py:56)on_closed	[botpy] 关闭, 返回码: 4903, 返回信息: create session error
2024-11-16 19:27:32,678	[INFO]	(gateway.py:62)on_closed	[botpy] 无法重连，创建新连接!
2024-11-16 19:27:32,678	[INFO]	(gateway.py:134)ws_connect	[botpy] ws关闭, 停止接收消息!
2024-11-16 19:27:37,693	[INFO]	(connection.py:60)multi_run	[botpy] 最大并发连接数: 1, 启动会话数: 1
2024-11-16 19:27:37,693	[INFO]	(client.py:242)bot_connect	[botpy] 会话启动中...
2024-11-16 19:27:37,693	[INFO]	(gateway.py:115)ws_connect	[botpy] 启动中...
2024-11-16 19:27:37,955	[INFO]	(gateway.py:142)ws_identify	[botpy] 鉴权中...
2024-11-16 19:27:38,061	[INFO]	(gateway.py:85)on_message	[botpy] 机器人「葡叶酱-测试中」启动成功！
2024-11-16 19:27:38,061	[INFO]	(gateway.py:223)_send_heart	[botpy] 心跳维持启动...
2024-11-16 19:27:38,063	[INFO]	(group_handler.py:18)on_ready	群聊机器人 「葡叶酱-测试中」 已启动！
2024-11-16 19:28:20,958	[INFO]	(channel_handler.py:23)on_at_message_create	https://qqchannel-profile-1251316161.file.myqcloud.com/166999051703f31da8a90d4174?t=1669990517
2024-11-16 19:28:44,378	[INFO]	(private_handler.py:29)on_direct_message_create	收到私信: 你好
2024-11-16 19:30:33,151	[INFO]	(client.py:162)_bot_login	[botpy] 登录机器人账号中...
2024-11-16 19:30:33,173	[INFO]	(client.py:162)_bot_login	[botpy] 登录机器人账号中...
2024-11-16 19:30:33,174	[INFO]	(client.py:162)_bot_login	[botpy] 登录机器人账号中...
2024-11-16 19:30:33,352	[INFO]	(robot.py:65)update_access_token	[botpy] access_token expires_in 1298
2024-11-16 19:30:33,357	[INFO]	(robot.py:65)update_access_token	[botpy] access_token expires_in 1298
2024-11-16 19:30:33,365	[INFO]	(robot.py:65)update_access_token	[botpy] access_token expires_in 1298
2024-11-16 19:30:33,820	[INFO]	(client.py:181)_bot_init	[botpy] 程序启动...
2024-11-16 19:30:33,820	[INFO]	(connection.py:60)multi_run	[botpy] 最大并发连接数: 1, 启动会话数: 1
2024-11-16 19:30:33,820	[INFO]	(client.py:242)bot_connect	[botpy] 会话启动中...
2024-11-16 19:30:33,820	[INFO]	(gateway.py:115)ws_connect	[botpy] 启动中...
2024-11-16 19:30:33,845	[INFO]	(client.py:181)_bot_init	[botpy] 程序启动...
2024-11-16 19:30:33,845	[INFO]	(connection.py:60)multi_run	[botpy] 最大并发连接数: 1, 启动会话数: 1
2024-11-16 19:30:33,845	[INFO]	(client.py:242)bot_connect	[botpy] 会话启动中...
2024-11-16 19:30:33,845	[INFO]	(gateway.py:115)ws_connect	[botpy] 启动中...
2024-11-16 19:30:33,982	[INFO]	(client.py:181)_bot_init	[botpy] 程序启动...
2024-11-16 19:30:33,982	[INFO]	(connection.py:60)multi_run	[botpy] 最大并发连接数: 1, 启动会话数: 1
2024-11-16 19:30:33,982	[INFO]	(client.py:242)bot_connect	[botpy] 会话启动中...
2024-11-16 19:30:33,982	[INFO]	(gateway.py:115)ws_connect	[botpy] 启动中...
2024-11-16 19:30:34,014	[INFO]	(gateway.py:142)ws_identify	[botpy] 鉴权中...
2024-11-16 19:30:34,050	[INFO]	(gateway.py:142)ws_identify	[botpy] 鉴权中...
2024-11-16 19:30:34,098	[INFO]	(gateway.py:85)on_message	[botpy] 机器人「葡叶酱-测试中」启动成功！
2024-11-16 19:30:34,098	[INFO]	(gateway.py:223)_send_heart	[botpy] 心跳维持启动...
2024-11-16 19:30:34,099	[INFO]	(private_handler.py:17)on_ready	私信机器人 「葡叶酱-测试中」 已启动！
2024-11-16 19:30:34,123	[INFO]	(gateway.py:56)on_closed	[botpy] 关闭, 返回码: 4903, 返回信息: create session error
2024-11-16 19:30:34,123	[INFO]	(gateway.py:62)on_closed	[botpy] 无法重连，创建新连接!
2024-11-16 19:30:34,123	[INFO]	(gateway.py:134)ws_connect	[botpy] ws关闭, 停止接收消息!
2024-11-16 19:30:34,150	[INFO]	(gateway.py:142)ws_identify	[botpy] 鉴权中...
2024-11-16 19:30:34,207	[INFO]	(gateway.py:56)on_closed	[botpy] 关闭, 返回码: 4903, 返回信息: create session error
2024-11-16 19:30:34,208	[INFO]	(gateway.py:62)on_closed	[botpy] 无法重连，创建新连接!
2024-11-16 19:30:34,208	[INFO]	(gateway.py:134)ws_connect	[botpy] ws关闭, 停止接收消息!
2024-11-16 19:30:39,133	[INFO]	(connection.py:60)multi_run	[botpy] 最大并发连接数: 1, 启动会话数: 1
2024-11-16 19:30:39,134	[INFO]	(client.py:242)bot_connect	[botpy] 会话启动中...
2024-11-16 19:30:39,134	[INFO]	(gateway.py:115)ws_connect	[botpy] 启动中...
2024-11-16 19:30:39,212	[INFO]	(connection.py:60)multi_run	[botpy] 最大并发连接数: 1, 启动会话数: 1
2024-11-16 19:30:39,212	[INFO]	(client.py:242)bot_connect	[botpy] 会话启动中...
2024-11-16 19:30:39,212	[INFO]	(gateway.py:115)ws_connect	[botpy] 启动中...
2024-11-16 19:30:39,295	[INFO]	(gateway.py:142)ws_identify	[botpy] 鉴权中...
2024-11-16 19:30:39,374	[INFO]	(gateway.py:142)ws_identify	[botpy] 鉴权中...
2024-11-16 19:30:39,380	[INFO]	(gateway.py:85)on_message	[botpy] 机器人「葡叶酱-测试中」启动成功！
2024-11-16 19:30:39,380	[INFO]	(gateway.py:223)_send_heart	[botpy] 心跳维持启动...
2024-11-16 19:30:39,381	[INFO]	(group_handler.py:18)on_ready	群聊机器人 「葡叶酱-测试中」 已启动！
2024-11-16 19:30:39,439	[INFO]	(gateway.py:56)on_closed	[botpy] 关闭, 返回码: 4903, 返回信息: create session error
2024-11-16 19:30:39,439	[INFO]	(gateway.py:62)on_closed	[botpy] 无法重连，创建新连接!
2024-11-16 19:30:39,439	[INFO]	(gateway.py:134)ws_connect	[botpy] ws关闭, 停止接收消息!
2024-11-16 19:30:44,459	[INFO]	(connection.py:60)multi_run	[botpy] 最大并发连接数: 1, 启动会话数: 1
2024-11-16 19:30:44,459	[INFO]	(client.py:242)bot_connect	[botpy] 会话启动中...
2024-11-16 19:30:44,459	[INFO]	(gateway.py:115)ws_connect	[botpy] 启动中...
2024-11-16 19:30:44,636	[INFO]	(gateway.py:142)ws_identify	[botpy] 鉴权中...
2024-11-16 19:30:44,723	[INFO]	(gateway.py:85)on_message	[botpy] 机器人「葡叶酱-测试中」启动成功！
2024-11-16 19:30:44,723	[INFO]	(gateway.py:223)_send_heart	[botpy] 心跳维持启动...
2024-11-16 19:30:44,725	[INFO]	(channel_handler.py:20)on_ready	频道机器人 「葡叶酱-测试中」 已启动！
2024-11-16 19:30:51,937	[INFO]	(group_handler.py:21)on_group_at_message_create	Received message:  /生日提醒 
2024-11-16 19:52:36,825	[INFO]	(client.py:162)_bot_login	[botpy] 登录机器人账号中...
2024-11-16 19:52:36,846	[INFO]	(client.py:162)_bot_login	[botpy] 登录机器人账号中...
2024-11-16 19:52:36,846	[INFO]	(client.py:162)_bot_login	[botpy] 登录机器人账号中...
2024-11-16 19:52:36,847	[INFO]	(client.py:162)_bot_login	[botpy] 登录机器人账号中...
2024-11-16 19:52:37,049	[INFO]	(robot.py:65)update_access_token	[botpy] access_token expires_in 7200
2024-11-16 19:52:37,051	[INFO]	(robot.py:65)update_access_token	[botpy] access_token expires_in 7200
2024-11-16 19:52:37,061	[INFO]	(robot.py:65)update_access_token	[botpy] access_token expires_in 7200
2024-11-16 19:52:37,145	[INFO]	(robot.py:65)update_access_token	[botpy] access_token expires_in 7200
2024-11-16 19:52:37,570	[INFO]	(client.py:181)_bot_init	[botpy] 程序启动...
2024-11-16 19:52:37,570	[INFO]	(connection.py:60)multi_run	[botpy] 最大并发连接数: 1, 启动会话数: 1
2024-11-16 19:52:37,571	[INFO]	(client.py:181)_bot_init	[botpy] 程序启动...
2024-11-16 19:52:37,571	[INFO]	(connection.py:60)multi_run	[botpy] 最大并发连接数: 1, 启动会话数: 1
2024-11-16 19:52:37,571	[INFO]	(client.py:242)bot_connect	[botpy] 会话启动中...
2024-11-16 19:52:37,571	[INFO]	(gateway.py:115)ws_connect	[botpy] 启动中...
2024-11-16 19:52:37,572	[INFO]	(client.py:242)bot_connect	[botpy] 会话启动中...
2024-11-16 19:52:37,573	[INFO]	(gateway.py:115)ws_connect	[botpy] 启动中...
2024-11-16 19:52:37,614	[INFO]	(client.py:181)_bot_init	[botpy] 程序启动...
2024-11-16 19:52:37,614	[INFO]	(connection.py:60)multi_run	[botpy] 最大并发连接数: 1, 启动会话数: 1
2024-11-16 19:52:37,615	[INFO]	(client.py:242)bot_connect	[botpy] 会话启动中...
2024-11-16 19:52:37,615	[INFO]	(gateway.py:115)ws_connect	[botpy] 启动中...
2024-11-16 19:52:37,645	[INFO]	(client.py:181)_bot_init	[botpy] 程序启动...
2024-11-16 19:52:37,645	[INFO]	(connection.py:60)multi_run	[botpy] 最大并发连接数: 1, 启动会话数: 1
2024-11-16 19:52:37,645	[INFO]	(client.py:242)bot_connect	[botpy] 会话启动中...
2024-11-16 19:52:37,645	[INFO]	(gateway.py:115)ws_connect	[botpy] 启动中...
2024-11-16 19:52:37,731	[INFO]	(gateway.py:142)ws_identify	[botpy] 鉴权中...
2024-11-16 19:52:37,743	[INFO]	(gateway.py:142)ws_identify	[botpy] 鉴权中...
2024-11-16 19:52:37,775	[INFO]	(gateway.py:142)ws_identify	[botpy] 鉴权中...
2024-11-16 19:52:37,801	[INFO]	(gateway.py:142)ws_identify	[botpy] 鉴权中...
2024-11-16 19:52:37,831	[INFO]	(gateway.py:56)on_closed	[botpy] 关闭, 返回码: 4903, 返回信息: create session error
2024-11-16 19:52:37,831	[INFO]	(gateway.py:62)on_closed	[botpy] 无法重连，创建新连接!
2024-11-16 19:52:37,831	[INFO]	(gateway.py:134)ws_connect	[botpy] ws关闭, 停止接收消息!
2024-11-16 19:52:37,831	[INFO]	(gateway.py:56)on_closed	[botpy] 关闭, 返回码: 4903, 返回信息: create session error
2024-11-16 19:52:37,831	[INFO]	(gateway.py:62)on_closed	[botpy] 无法重连，创建新连接!
2024-11-16 19:52:37,831	[INFO]	(gateway.py:134)ws_connect	[botpy] ws关闭, 停止接收消息!
2024-11-16 19:52:37,837	[INFO]	(gateway.py:85)on_message	[botpy] 机器人「葡叶酱-测试中」启动成功！
2024-11-16 19:52:37,837	[INFO]	(gateway.py:223)_send_heart	[botpy] 心跳维持启动...
2024-11-16 19:52:37,837	[INFO]	(group_handler.py:18)on_ready	群聊机器人 「葡叶酱-测试中」 已启动！
2024-11-16 19:52:37,865	[INFO]	(gateway.py:56)on_closed	[botpy] 关闭, 返回码: 4903, 返回信息: create session error
2024-11-16 19:52:37,865	[INFO]	(gateway.py:62)on_closed	[botpy] 无法重连，创建新连接!
2024-11-16 19:52:37,865	[INFO]	(gateway.py:134)ws_connect	[botpy] ws关闭, 停止接收消息!
2024-11-16 19:52:42,839	[INFO]	(connection.py:60)multi_run	[botpy] 最大并发连接数: 1, 启动会话数: 1
2024-11-16 19:52:42,839	[INFO]	(connection.py:60)multi_run	[botpy] 最大并发连接数: 1, 启动会话数: 1
2024-11-16 19:52:42,839	[INFO]	(client.py:242)bot_connect	[botpy] 会话启动中...
2024-11-16 19:52:42,839	[INFO]	(gateway.py:115)ws_connect	[botpy] 启动中...
2024-11-16 19:52:42,840	[INFO]	(client.py:242)bot_connect	[botpy] 会话启动中...
2024-11-16 19:52:42,840	[INFO]	(gateway.py:115)ws_connect	[botpy] 启动中...
2024-11-16 19:52:42,870	[INFO]	(connection.py:60)multi_run	[botpy] 最大并发连接数: 1, 启动会话数: 1
2024-11-16 19:52:42,870	[INFO]	(client.py:242)bot_connect	[botpy] 会话启动中...
2024-11-16 19:52:42,870	[INFO]	(gateway.py:115)ws_connect	[botpy] 启动中...
2024-11-16 19:52:43,020	[INFO]	(gateway.py:142)ws_identify	[botpy] 鉴权中...
2024-11-16 19:52:43,033	[INFO]	(gateway.py:142)ws_identify	[botpy] 鉴权中...
2024-11-16 19:52:43,056	[INFO]	(gateway.py:142)ws_identify	[botpy] 鉴权中...
2024-11-16 19:52:43,103	[INFO]	(gateway.py:56)on_closed	[botpy] 关闭, 返回码: 4903, 返回信息: create session error
2024-11-16 19:52:43,103	[INFO]	(gateway.py:62)on_closed	[botpy] 无法重连，创建新连接!
2024-11-16 19:52:43,103	[INFO]	(gateway.py:134)ws_connect	[botpy] ws关闭, 停止接收消息!
2024-11-16 19:52:43,113	[INFO]	(gateway.py:85)on_message	[botpy] 机器人「葡叶酱-测试中」启动成功！
2024-11-16 19:52:43,113	[INFO]	(gateway.py:223)_send_heart	[botpy] 心跳维持启动...
2024-11-16 19:52:43,114	[INFO]	(channel_handler.py:20)on_ready	频道文字机器人 「葡叶酱-测试中」 已启动！
2024-11-16 19:52:43,137	[INFO]	(gateway.py:56)on_closed	[botpy] 关闭, 返回码: 4903, 返回信息: create session error
2024-11-16 19:52:43,138	[INFO]	(gateway.py:62)on_closed	[botpy] 无法重连，创建新连接!
2024-11-16 19:52:43,138	[INFO]	(gateway.py:134)ws_connect	[botpy] ws关闭, 停止接收消息!
2024-11-16 19:52:48,106	[INFO]	(connection.py:60)multi_run	[botpy] 最大并发连接数: 1, 启动会话数: 1
2024-11-16 19:52:48,106	[INFO]	(client.py:242)bot_connect	[botpy] 会话启动中...
2024-11-16 19:52:48,106	[INFO]	(gateway.py:115)ws_connect	[botpy] 启动中...
2024-11-16 19:52:48,136	[INFO]	(connection.py:60)multi_run	[botpy] 最大并发连接数: 1, 启动会话数: 1
2024-11-16 19:52:48,137	[INFO]	(client.py:242)bot_connect	[botpy] 会话启动中...
2024-11-16 19:52:48,137	[INFO]	(gateway.py:115)ws_connect	[botpy] 启动中...
2024-11-16 19:52:48,282	[INFO]	(gateway.py:142)ws_identify	[botpy] 鉴权中...
2024-11-16 19:52:48,316	[INFO]	(gateway.py:142)ws_identify	[botpy] 鉴权中...
2024-11-16 19:52:48,378	[INFO]	(gateway.py:85)on_message	[botpy] 机器人「葡叶酱-测试中」启动成功！
2024-11-16 19:52:48,378	[INFO]	(gateway.py:223)_send_heart	[botpy] 心跳维持启动...
2024-11-16 19:52:48,378	[INFO]	(channel_files_handler.py:44)on_ready	频道文件机器人 「葡叶酱-测试中」 已启动！
2024-11-16 19:52:48,407	[INFO]	(gateway.py:56)on_closed	[botpy] 关闭, 返回码: 4903, 返回信息: create session error
2024-11-16 19:52:48,407	[INFO]	(gateway.py:62)on_closed	[botpy] 无法重连，创建新连接!
2024-11-16 19:52:48,407	[INFO]	(gateway.py:134)ws_connect	[botpy] ws关闭, 停止接收消息!
2024-11-16 19:52:53,407	[INFO]	(connection.py:60)multi_run	[botpy] 最大并发连接数: 1, 启动会话数: 1
2024-11-16 19:52:53,407	[INFO]	(client.py:242)bot_connect	[botpy] 会话启动中...
2024-11-16 19:52:53,407	[INFO]	(gateway.py:115)ws_connect	[botpy] 启动中...
2024-11-16 19:52:53,591	[INFO]	(gateway.py:142)ws_identify	[botpy] 鉴权中...
2024-11-16 19:52:53,665	[INFO]	(gateway.py:85)on_message	[botpy] 机器人「葡叶酱-测试中」启动成功！
2024-11-16 19:52:53,666	[INFO]	(gateway.py:223)_send_heart	[botpy] 心跳维持启动...
2024-11-16 19:52:53,666	[INFO]	(private_handler.py:17)on_ready	私信机器人 「葡叶酱-测试中」 已启动！
2024-11-16 19:53:21,335	[INFO]	(channel_handler.py:23)on_at_message_create	https://qqchannel-profile-1251316161.file.myqcloud.com/166999051703f31da8a90d4174?t=1669990517
2024-11-16 20:03:18,657	[INFO]	(client.py:162)_bot_login	[botpy] 登录机器人账号中...
2024-11-16 20:03:18,681	[INFO]	(client.py:162)_bot_login	[botpy] 登录机器人账号中...
2024-11-16 20:03:18,682	[INFO]	(client.py:162)_bot_login	[botpy] 登录机器人账号中...
2024-11-16 20:03:18,682	[INFO]	(client.py:162)_bot_login	[botpy] 登录机器人账号中...
2024-11-16 20:03:18,870	[INFO]	(robot.py:65)update_access_token	[botpy] access_token expires_in 6558
2024-11-16 20:03:18,871	[INFO]	(robot.py:65)update_access_token	[botpy] access_token expires_in 6558
2024-11-16 20:03:18,878	[INFO]	(robot.py:65)update_access_token	[botpy] access_token expires_in 6558
2024-11-16 20:03:18,878	[INFO]	(robot.py:65)update_access_token	[botpy] access_token expires_in 6558
2024-11-16 20:03:19,346	[INFO]	(client.py:181)_bot_init	[botpy] 程序启动...
2024-11-16 20:03:19,346	[INFO]	(connection.py:60)multi_run	[botpy] 最大并发连接数: 1, 启动会话数: 1
2024-11-16 20:03:19,346	[INFO]	(client.py:242)bot_connect	[botpy] 会话启动中...
2024-11-16 20:03:19,346	[INFO]	(gateway.py:115)ws_connect	[botpy] 启动中...
2024-11-16 20:03:19,362	[INFO]	(client.py:181)_bot_init	[botpy] 程序启动...
2024-11-16 20:03:19,362	[INFO]	(connection.py:60)multi_run	[botpy] 最大并发连接数: 1, 启动会话数: 1
2024-11-16 20:03:19,362	[INFO]	(client.py:242)bot_connect	[botpy] 会话启动中...
2024-11-16 20:03:19,362	[INFO]	(gateway.py:115)ws_connect	[botpy] 启动中...
2024-11-16 20:03:19,375	[INFO]	(client.py:181)_bot_init	[botpy] 程序启动...
2024-11-16 20:03:19,375	[INFO]	(connection.py:60)multi_run	[botpy] 最大并发连接数: 1, 启动会话数: 1
2024-11-16 20:03:19,375	[INFO]	(client.py:242)bot_connect	[botpy] 会话启动中...
2024-11-16 20:03:19,375	[INFO]	(gateway.py:115)ws_connect	[botpy] 启动中...
2024-11-16 20:03:19,394	[INFO]	(client.py:181)_bot_init	[botpy] 程序启动...
2024-11-16 20:03:19,394	[INFO]	(connection.py:60)multi_run	[botpy] 最大并发连接数: 1, 启动会话数: 1
2024-11-16 20:03:19,395	[INFO]	(client.py:242)bot_connect	[botpy] 会话启动中...
2024-11-16 20:03:19,395	[INFO]	(gateway.py:115)ws_connect	[botpy] 启动中...
2024-11-16 20:03:19,518	[INFO]	(gateway.py:142)ws_identify	[botpy] 鉴权中...
2024-11-16 20:03:19,553	[INFO]	(gateway.py:142)ws_identify	[botpy] 鉴权中...
2024-11-16 20:03:19,556	[INFO]	(gateway.py:142)ws_identify	[botpy] 鉴权中...
2024-11-16 20:03:19,571	[INFO]	(gateway.py:142)ws_identify	[botpy] 鉴权中...
2024-11-16 20:03:19,610	[INFO]	(gateway.py:56)on_closed	[botpy] 关闭, 返回码: 4903, 返回信息: create session error
2024-11-16 20:03:19,610	[INFO]	(gateway.py:62)on_closed	[botpy] 无法重连，创建新连接!
2024-11-16 20:03:19,610	[INFO]	(gateway.py:134)ws_connect	[botpy] ws关闭, 停止接收消息!
2024-11-16 20:03:19,613	[INFO]	(gateway.py:56)on_closed	[botpy] 关闭, 返回码: 4903, 返回信息: create session error
2024-11-16 20:03:19,613	[INFO]	(gateway.py:62)on_closed	[botpy] 无法重连，创建新连接!
2024-11-16 20:03:19,613	[INFO]	(gateway.py:134)ws_connect	[botpy] ws关闭, 停止接收消息!
2024-11-16 20:03:19,628	[INFO]	(gateway.py:85)on_message	[botpy] 机器人「葡叶酱-测试中」启动成功！
2024-11-16 20:03:19,628	[INFO]	(gateway.py:223)_send_heart	[botpy] 心跳维持启动...
2024-11-16 20:03:19,629	[INFO]	(private_handler.py:17)on_ready	私信机器人 「葡叶酱-测试中」 已启动！
2024-11-16 20:03:19,673	[INFO]	(gateway.py:56)on_closed	[botpy] 关闭, 返回码: 4903, 返回信息: create session error
2024-11-16 20:03:19,673	[INFO]	(gateway.py:62)on_closed	[botpy] 无法重连，创建新连接!
2024-11-16 20:03:19,673	[INFO]	(gateway.py:134)ws_connect	[botpy] ws关闭, 停止接收消息!
2024-11-16 20:03:24,610	[INFO]	(connection.py:60)multi_run	[botpy] 最大并发连接数: 1, 启动会话数: 1
2024-11-16 20:03:24,610	[INFO]	(client.py:242)bot_connect	[botpy] 会话启动中...
2024-11-16 20:03:24,610	[INFO]	(gateway.py:115)ws_connect	[botpy] 启动中...
2024-11-16 20:03:24,612	[INFO]	(connection.py:60)multi_run	[botpy] 最大并发连接数: 1, 启动会话数: 1
2024-11-16 20:03:24,613	[INFO]	(client.py:242)bot_connect	[botpy] 会话启动中...
2024-11-16 20:03:24,613	[INFO]	(gateway.py:115)ws_connect	[botpy] 启动中...
2024-11-16 20:03:24,670	[INFO]	(connection.py:60)multi_run	[botpy] 最大并发连接数: 1, 启动会话数: 1
2024-11-16 20:03:24,670	[INFO]	(client.py:242)bot_connect	[botpy] 会话启动中...
2024-11-16 20:03:24,670	[INFO]	(gateway.py:115)ws_connect	[botpy] 启动中...
2024-11-16 20:03:24,794	[INFO]	(gateway.py:142)ws_identify	[botpy] 鉴权中...
2024-11-16 20:03:24,831	[INFO]	(gateway.py:142)ws_identify	[botpy] 鉴权中...
2024-11-16 20:03:24,838	[INFO]	(gateway.py:142)ws_identify	[botpy] 鉴权中...
2024-11-16 20:03:24,887	[INFO]	(gateway.py:85)on_message	[botpy] 机器人「葡叶酱-测试中」启动成功！
2024-11-16 20:03:24,887	[INFO]	(gateway.py:223)_send_heart	[botpy] 心跳维持启动...
2024-11-16 20:03:24,887	[INFO]	(group_handler.py:18)on_ready	群聊机器人 「葡叶酱-测试中」 已启动！
2024-11-16 20:03:24,890	[INFO]	(gateway.py:56)on_closed	[botpy] 关闭, 返回码: 4903, 返回信息: create session error
2024-11-16 20:03:24,890	[INFO]	(gateway.py:62)on_closed	[botpy] 无法重连，创建新连接!
2024-11-16 20:03:24,890	[INFO]	(gateway.py:134)ws_connect	[botpy] ws关闭, 停止接收消息!
2024-11-16 20:03:24,894	[INFO]	(gateway.py:56)on_closed	[botpy] 关闭, 返回码: 4903, 返回信息: create session error
2024-11-16 20:03:24,894	[INFO]	(gateway.py:62)on_closed	[botpy] 无法重连，创建新连接!
2024-11-16 20:03:24,894	[INFO]	(gateway.py:134)ws_connect	[botpy] ws关闭, 停止接收消息!
2024-11-16 20:03:29,898	[INFO]	(connection.py:60)multi_run	[botpy] 最大并发连接数: 1, 启动会话数: 1
2024-11-16 20:03:29,899	[INFO]	(connection.py:60)multi_run	[botpy] 最大并发连接数: 1, 启动会话数: 1
2024-11-16 20:03:29,899	[INFO]	(client.py:242)bot_connect	[botpy] 会话启动中...
2024-11-16 20:03:29,899	[INFO]	(gateway.py:115)ws_connect	[botpy] 启动中...
2024-11-16 20:03:29,900	[INFO]	(client.py:242)bot_connect	[botpy] 会话启动中...
2024-11-16 20:03:29,901	[INFO]	(gateway.py:115)ws_connect	[botpy] 启动中...
2024-11-16 20:03:30,056	[INFO]	(gateway.py:142)ws_identify	[botpy] 鉴权中...
2024-11-16 20:03:30,063	[INFO]	(gateway.py:142)ws_identify	[botpy] 鉴权中...
2024-11-16 20:03:30,130	[INFO]	(gateway.py:56)on_closed	[botpy] 关闭, 返回码: 4903, 返回信息: create session error
2024-11-16 20:03:30,131	[INFO]	(gateway.py:62)on_closed	[botpy] 无法重连，创建新连接!
2024-11-16 20:03:30,131	[INFO]	(gateway.py:134)ws_connect	[botpy] ws关闭, 停止接收消息!
2024-11-16 20:03:30,152	[INFO]	(gateway.py:85)on_message	[botpy] 机器人「葡叶酱-测试中」启动成功！
2024-11-16 20:03:30,152	[INFO]	(gateway.py:223)_send_heart	[botpy] 心跳维持启动...
2024-11-16 20:03:30,153	[INFO]	(channel_handler.py:20)on_ready	频道文字机器人 「葡叶酱-测试中」 已启动！
2024-11-16 20:03:35,150	[INFO]	(connection.py:60)multi_run	[botpy] 最大并发连接数: 1, 启动会话数: 1
2024-11-16 20:03:35,150	[INFO]	(client.py:242)bot_connect	[botpy] 会话启动中...
2024-11-16 20:03:35,151	[INFO]	(gateway.py:115)ws_connect	[botpy] 启动中...
2024-11-16 20:03:35,306	[INFO]	(gateway.py:142)ws_identify	[botpy] 鉴权中...
2024-11-16 20:03:35,385	[INFO]	(gateway.py:85)on_message	[botpy] 机器人「葡叶酱-测试中」启动成功！
2024-11-16 20:03:35,385	[INFO]	(gateway.py:223)_send_heart	[botpy] 心跳维持启动...
2024-11-16 20:03:35,386	[INFO]	(channel_files_handler.py:35)on_ready	频道文件机器人 「葡叶酱-测试中」 已启动！
2024-11-16 20:03:41,223	[INFO]	(channel_handler.py:23)on_at_message_create	https://qqchannel-profile-1251316161.file.myqcloud.com/166999051703f31da8a90d4174?t=1669990517
2024-11-16 20:23:27,580	[INFO]	(client.py:162)_bot_login	[botpy] 登录机器人账号中...
2024-11-16 20:23:27,611	[INFO]	(client.py:162)_bot_login	[botpy] 登录机器人账号中...
2024-11-16 20:23:27,615	[INFO]	(client.py:162)_bot_login	[botpy] 登录机器人账号中...
2024-11-16 20:23:27,616	[INFO]	(client.py:162)_bot_login	[botpy] 登录机器人账号中...
2024-11-16 20:23:27,825	[INFO]	(robot.py:65)update_access_token	[botpy] access_token expires_in 5349
2024-11-16 20:23:27,827	[INFO]	(robot.py:65)update_access_token	[botpy] access_token expires_in 5349
2024-11-16 20:23:27,827	[INFO]	(robot.py:65)update_access_token	[botpy] access_token expires_in 5349
2024-11-16 20:23:27,846	[INFO]	(robot.py:65)update_access_token	[botpy] access_token expires_in 5349
2024-11-16 20:23:28,300	[INFO]	(client.py:181)_bot_init	[botpy] 程序启动...
2024-11-16 20:23:28,301	[INFO]	(connection.py:60)multi_run	[botpy] 最大并发连接数: 1, 启动会话数: 1
2024-11-16 20:23:28,301	[INFO]	(client.py:242)bot_connect	[botpy] 会话启动中...
2024-11-16 20:23:28,301	[INFO]	(gateway.py:115)ws_connect	[botpy] 启动中...
2024-11-16 20:23:28,309	[INFO]	(client.py:181)_bot_init	[botpy] 程序启动...
2024-11-16 20:23:28,309	[INFO]	(connection.py:60)multi_run	[botpy] 最大并发连接数: 1, 启动会话数: 1
2024-11-16 20:23:28,309	[INFO]	(client.py:242)bot_connect	[botpy] 会话启动中...
2024-11-16 20:23:28,310	[INFO]	(gateway.py:115)ws_connect	[botpy] 启动中...
2024-11-16 20:23:28,312	[INFO]	(client.py:181)_bot_init	[botpy] 程序启动...
2024-11-16 20:23:28,312	[INFO]	(connection.py:60)multi_run	[botpy] 最大并发连接数: 1, 启动会话数: 1
2024-11-16 20:23:28,312	[INFO]	(client.py:242)bot_connect	[botpy] 会话启动中...
2024-11-16 20:23:28,313	[INFO]	(gateway.py:115)ws_connect	[botpy] 启动中...
2024-11-16 20:23:28,326	[INFO]	(client.py:181)_bot_init	[botpy] 程序启动...
2024-11-16 20:23:28,326	[INFO]	(connection.py:60)multi_run	[botpy] 最大并发连接数: 1, 启动会话数: 1
2024-11-16 20:23:28,327	[INFO]	(client.py:242)bot_connect	[botpy] 会话启动中...
2024-11-16 20:23:28,327	[INFO]	(gateway.py:115)ws_connect	[botpy] 启动中...
2024-11-16 20:23:28,463	[INFO]	(gateway.py:142)ws_identify	[botpy] 鉴权中...
2024-11-16 20:23:28,473	[INFO]	(gateway.py:142)ws_identify	[botpy] 鉴权中...
2024-11-16 20:23:28,492	[INFO]	(gateway.py:142)ws_identify	[botpy] 鉴权中...
2024-11-16 20:23:28,550	[INFO]	(gateway.py:56)on_closed	[botpy] 关闭, 返回码: 4903, 返回信息: create session error
2024-11-16 20:23:28,550	[INFO]	(gateway.py:62)on_closed	[botpy] 无法重连，创建新连接!
2024-11-16 20:23:28,551	[INFO]	(gateway.py:134)ws_connect	[botpy] ws关闭, 停止接收消息!
2024-11-16 20:23:28,565	[INFO]	(gateway.py:56)on_closed	[botpy] 关闭, 返回码: 4903, 返回信息: create session error
2024-11-16 20:23:28,565	[INFO]	(gateway.py:62)on_closed	[botpy] 无法重连，创建新连接!
2024-11-16 20:23:28,566	[INFO]	(gateway.py:134)ws_connect	[botpy] ws关闭, 停止接收消息!
2024-11-16 20:23:28,570	[INFO]	(gateway.py:85)on_message	[botpy] 机器人「葡叶酱-测试中」启动成功！
2024-11-16 20:23:28,571	[INFO]	(gateway.py:223)_send_heart	[botpy] 心跳维持启动...
2024-11-16 20:23:28,572	[INFO]	(group_handler.py:18)on_ready	群聊机器人 「葡叶酱-测试中」 已启动！
2024-11-16 20:23:28,629	[INFO]	(gateway.py:142)ws_identify	[botpy] 鉴权中...
2024-11-16 20:23:28,775	[INFO]	(gateway.py:56)on_closed	[botpy] 关闭, 返回码: 4903, 返回信息: create session error
2024-11-16 20:23:28,776	[INFO]	(gateway.py:62)on_closed	[botpy] 无法重连，创建新连接!
2024-11-16 20:23:28,777	[INFO]	(gateway.py:134)ws_connect	[botpy] ws关闭, 停止接收消息!
2024-11-16 20:23:33,564	[INFO]	(connection.py:60)multi_run	[botpy] 最大并发连接数: 1, 启动会话数: 1
2024-11-16 20:23:33,565	[INFO]	(connection.py:60)multi_run	[botpy] 最大并发连接数: 1, 启动会话数: 1
2024-11-16 20:23:33,566	[INFO]	(client.py:242)bot_connect	[botpy] 会话启动中...
2024-11-16 20:23:33,566	[INFO]	(gateway.py:115)ws_connect	[botpy] 启动中...
2024-11-16 20:23:33,569	[INFO]	(client.py:242)bot_connect	[botpy] 会话启动中...
2024-11-16 20:23:33,569	[INFO]	(gateway.py:115)ws_connect	[botpy] 启动中...
2024-11-16 20:23:33,728	[INFO]	(gateway.py:142)ws_identify	[botpy] 鉴权中...
2024-11-16 20:23:33,781	[INFO]	(connection.py:60)multi_run	[botpy] 最大并发连接数: 1, 启动会话数: 1
2024-11-16 20:23:33,782	[INFO]	(client.py:242)bot_connect	[botpy] 会话启动中...
2024-11-16 20:23:33,782	[INFO]	(gateway.py:115)ws_connect	[botpy] 启动中...
2024-11-16 20:23:33,793	[INFO]	(gateway.py:142)ws_identify	[botpy] 鉴权中...
2024-11-16 20:23:33,811	[INFO]	(gateway.py:85)on_message	[botpy] 机器人「葡叶酱-测试中」启动成功！
2024-11-16 20:23:33,811	[INFO]	(gateway.py:223)_send_heart	[botpy] 心跳维持启动...
2024-11-16 20:23:33,811	[INFO]	(private_handler.py:17)on_ready	私信机器人 「葡叶酱-测试中」 已启动！
2024-11-16 20:23:33,878	[INFO]	(gateway.py:56)on_closed	[botpy] 关闭, 返回码: 4903, 返回信息: create session error
2024-11-16 20:23:33,878	[INFO]	(gateway.py:62)on_closed	[botpy] 无法重连，创建新连接!
2024-11-16 20:23:33,878	[INFO]	(gateway.py:134)ws_connect	[botpy] ws关闭, 停止接收消息!
2024-11-16 20:23:33,936	[INFO]	(gateway.py:142)ws_identify	[botpy] 鉴权中...
2024-11-16 20:23:33,988	[INFO]	(gateway.py:56)on_closed	[botpy] 关闭, 返回码: 4903, 返回信息: create session error
2024-11-16 20:23:33,988	[INFO]	(gateway.py:62)on_closed	[botpy] 无法重连，创建新连接!
2024-11-16 20:23:33,989	[INFO]	(gateway.py:134)ws_connect	[botpy] ws关闭, 停止接收消息!
2024-11-16 20:23:38,894	[INFO]	(connection.py:60)multi_run	[botpy] 最大并发连接数: 1, 启动会话数: 1
2024-11-16 20:23:38,894	[INFO]	(client.py:242)bot_connect	[botpy] 会话启动中...
2024-11-16 20:23:38,895	[INFO]	(gateway.py:115)ws_connect	[botpy] 启动中...
2024-11-16 20:23:39,003	[INFO]	(connection.py:60)multi_run	[botpy] 最大并发连接数: 1, 启动会话数: 1
2024-11-16 20:23:39,003	[INFO]	(client.py:242)bot_connect	[botpy] 会话启动中...
2024-11-16 20:23:39,004	[INFO]	(gateway.py:115)ws_connect	[botpy] 启动中...
2024-11-16 20:23:39,056	[INFO]	(gateway.py:142)ws_identify	[botpy] 鉴权中...
2024-11-16 20:23:39,145	[INFO]	(gateway.py:85)on_message	[botpy] 机器人「葡叶酱-测试中」启动成功！
2024-11-16 20:23:39,147	[INFO]	(gateway.py:223)_send_heart	[botpy] 心跳维持启动...
2024-11-16 20:23:39,148	[INFO]	(channel_files_handler.py:35)on_ready	频道文件机器人 「葡叶酱-测试中」 已启动！
2024-11-16 20:23:39,163	[INFO]	(gateway.py:142)ws_identify	[botpy] 鉴权中...
2024-11-16 20:23:39,229	[INFO]	(gateway.py:56)on_closed	[botpy] 关闭, 返回码: 4903, 返回信息: create session error
2024-11-16 20:23:39,230	[INFO]	(gateway.py:62)on_closed	[botpy] 无法重连，创建新连接!
2024-11-16 20:23:39,230	[INFO]	(gateway.py:134)ws_connect	[botpy] ws关闭, 停止接收消息!
2024-11-16 20:23:44,246	[INFO]	(connection.py:60)multi_run	[botpy] 最大并发连接数: 1, 启动会话数: 1
2024-11-16 20:23:44,247	[INFO]	(client.py:242)bot_connect	[botpy] 会话启动中...
2024-11-16 20:23:44,247	[INFO]	(gateway.py:115)ws_connect	[botpy] 启动中...
2024-11-16 20:23:44,399	[INFO]	(gateway.py:142)ws_identify	[botpy] 鉴权中...
2024-11-16 20:23:44,494	[INFO]	(gateway.py:85)on_message	[botpy] 机器人「葡叶酱-测试中」启动成功！
2024-11-16 20:23:44,495	[INFO]	(gateway.py:223)_send_heart	[botpy] 心跳维持启动...
2024-11-16 20:23:44,495	[INFO]	(channel_handler.py:20)on_ready	频道文字机器人 「葡叶酱-测试中」 已启动！
2024-11-16 20:26:39,131	[INFO]	(client.py:162)_bot_login	[botpy] 登录机器人账号中...
2024-11-16 20:26:39,155	[INFO]	(client.py:162)_bot_login	[botpy] 登录机器人账号中...
2024-11-16 20:26:39,156	[INFO]	(client.py:162)_bot_login	[botpy] 登录机器人账号中...
2024-11-16 20:26:39,156	[INFO]	(client.py:162)_bot_login	[botpy] 登录机器人账号中...
2024-11-16 20:26:39,368	[INFO]	(robot.py:65)update_access_token	[botpy] access_token expires_in 5158
2024-11-16 20:26:39,378	[INFO]	(robot.py:65)update_access_token	[botpy] access_token expires_in 5158
2024-11-16 20:26:39,383	[INFO]	(robot.py:65)update_access_token	[botpy] access_token expires_in 5158
2024-11-16 20:26:39,397	[INFO]	(robot.py:65)update_access_token	[botpy] access_token expires_in 5158
2024-11-16 20:26:39,936	[INFO]	(client.py:181)_bot_init	[botpy] 程序启动...
2024-11-16 20:26:39,936	[INFO]	(connection.py:60)multi_run	[botpy] 最大并发连接数: 1, 启动会话数: 1
2024-11-16 20:26:39,937	[INFO]	(client.py:242)bot_connect	[botpy] 会话启动中...
2024-11-16 20:26:39,937	[INFO]	(gateway.py:115)ws_connect	[botpy] 启动中...
2024-11-16 20:26:39,939	[INFO]	(client.py:181)_bot_init	[botpy] 程序启动...
2024-11-16 20:26:39,939	[INFO]	(connection.py:60)multi_run	[botpy] 最大并发连接数: 1, 启动会话数: 1
2024-11-16 20:26:39,939	[INFO]	(client.py:242)bot_connect	[botpy] 会话启动中...
2024-11-16 20:26:39,939	[INFO]	(gateway.py:115)ws_connect	[botpy] 启动中...
2024-11-16 20:26:39,952	[INFO]	(client.py:181)_bot_init	[botpy] 程序启动...
2024-11-16 20:26:39,952	[INFO]	(connection.py:60)multi_run	[botpy] 最大并发连接数: 1, 启动会话数: 1
2024-11-16 20:26:39,952	[INFO]	(client.py:242)bot_connect	[botpy] 会话启动中...
2024-11-16 20:26:39,952	[INFO]	(gateway.py:115)ws_connect	[botpy] 启动中...
2024-11-16 20:26:40,002	[INFO]	(client.py:181)_bot_init	[botpy] 程序启动...
2024-11-16 20:26:40,002	[INFO]	(connection.py:60)multi_run	[botpy] 最大并发连接数: 1, 启动会话数: 1
2024-11-16 20:26:40,002	[INFO]	(client.py:242)bot_connect	[botpy] 会话启动中...
2024-11-16 20:26:40,002	[INFO]	(gateway.py:115)ws_connect	[botpy] 启动中...
2024-11-16 20:26:40,109	[INFO]	(gateway.py:142)ws_identify	[botpy] 鉴权中...
2024-11-16 20:26:40,110	[INFO]	(gateway.py:142)ws_identify	[botpy] 鉴权中...
2024-11-16 20:26:40,168	[INFO]	(gateway.py:142)ws_identify	[botpy] 鉴权中...
2024-11-16 20:26:40,177	[INFO]	(gateway.py:56)on_closed	[botpy] 关闭, 返回码: 4903, 返回信息: create session error
2024-11-16 20:26:40,177	[INFO]	(gateway.py:62)on_closed	[botpy] 无法重连，创建新连接!
2024-11-16 20:26:40,177	[INFO]	(gateway.py:134)ws_connect	[botpy] ws关闭, 停止接收消息!
2024-11-16 20:26:40,196	[INFO]	(gateway.py:142)ws_identify	[botpy] 鉴权中...
2024-11-16 20:26:40,203	[INFO]	(gateway.py:85)on_message	[botpy] 机器人「葡叶酱-测试中」启动成功！
2024-11-16 20:26:40,203	[INFO]	(gateway.py:223)_send_heart	[botpy] 心跳维持启动...
2024-11-16 20:26:40,204	[INFO]	(private_handler.py:17)on_ready	私信机器人 「葡叶酱-测试中」 已启动！
2024-11-16 20:26:40,229	[INFO]	(gateway.py:56)on_closed	[botpy] 关闭, 返回码: 4903, 返回信息: create session error
2024-11-16 20:26:40,229	[INFO]	(gateway.py:62)on_closed	[botpy] 无法重连，创建新连接!
2024-11-16 20:26:40,229	[INFO]	(gateway.py:134)ws_connect	[botpy] ws关闭, 停止接收消息!
2024-11-16 20:26:40,275	[INFO]	(gateway.py:56)on_closed	[botpy] 关闭, 返回码: 4903, 返回信息: create session error
2024-11-16 20:26:40,275	[INFO]	(gateway.py:62)on_closed	[botpy] 无法重连，创建新连接!
2024-11-16 20:26:40,275	[INFO]	(gateway.py:134)ws_connect	[botpy] ws关闭, 停止接收消息!
2024-11-16 20:26:45,196	[INFO]	(connection.py:60)multi_run	[botpy] 最大并发连接数: 1, 启动会话数: 1
2024-11-16 20:26:45,196	[INFO]	(client.py:242)bot_connect	[botpy] 会话启动中...
2024-11-16 20:26:45,197	[INFO]	(gateway.py:115)ws_connect	[botpy] 启动中...
2024-11-16 20:26:45,242	[INFO]	(connection.py:60)multi_run	[botpy] 最大并发连接数: 1, 启动会话数: 1
2024-11-16 20:26:45,242	[INFO]	(client.py:242)bot_connect	[botpy] 会话启动中...
2024-11-16 20:26:45,242	[INFO]	(gateway.py:115)ws_connect	[botpy] 启动中...
2024-11-16 20:26:45,288	[INFO]	(connection.py:60)multi_run	[botpy] 最大并发连接数: 1, 启动会话数: 1
2024-11-16 20:26:45,288	[INFO]	(client.py:242)bot_connect	[botpy] 会话启动中...
2024-11-16 20:26:45,288	[INFO]	(gateway.py:115)ws_connect	[botpy] 启动中...
2024-11-16 20:26:45,376	[INFO]	(gateway.py:142)ws_identify	[botpy] 鉴权中...
2024-11-16 20:26:45,425	[INFO]	(gateway.py:142)ws_identify	[botpy] 鉴权中...
2024-11-16 20:26:45,461	[INFO]	(gateway.py:85)on_message	[botpy] 机器人「葡叶酱-测试中」启动成功！
2024-11-16 20:26:45,461	[INFO]	(gateway.py:223)_send_heart	[botpy] 心跳维持启动...
2024-11-16 20:26:45,461	[INFO]	(group_handler.py:18)on_ready	群聊机器人 「葡叶酱-测试中」 已启动！
2024-11-16 20:26:45,467	[INFO]	(gateway.py:142)ws_identify	[botpy] 鉴权中...
2024-11-16 20:26:45,520	[INFO]	(gateway.py:56)on_closed	[botpy] 关闭, 返回码: 4903, 返回信息: create session error
2024-11-16 20:26:45,520	[INFO]	(gateway.py:62)on_closed	[botpy] 无法重连，创建新连接!
2024-11-16 20:26:45,520	[INFO]	(gateway.py:134)ws_connect	[botpy] ws关闭, 停止接收消息!
2024-11-16 20:26:45,523	[INFO]	(gateway.py:56)on_closed	[botpy] 关闭, 返回码: 4903, 返回信息: create session error
2024-11-16 20:26:45,523	[INFO]	(gateway.py:62)on_closed	[botpy] 无法重连，创建新连接!
2024-11-16 20:26:45,523	[INFO]	(gateway.py:134)ws_connect	[botpy] ws关闭, 停止接收消息!
2024-11-16 20:26:50,544	[INFO]	(connection.py:60)multi_run	[botpy] 最大并发连接数: 1, 启动会话数: 1
2024-11-16 20:26:50,545	[INFO]	(connection.py:60)multi_run	[botpy] 最大并发连接数: 1, 启动会话数: 1
2024-11-16 20:26:50,545	[INFO]	(client.py:242)bot_connect	[botpy] 会话启动中...
2024-11-16 20:26:50,545	[INFO]	(gateway.py:115)ws_connect	[botpy] 启动中...
2024-11-16 20:26:50,547	[INFO]	(client.py:242)bot_connect	[botpy] 会话启动中...
2024-11-16 20:26:50,547	[INFO]	(gateway.py:115)ws_connect	[botpy] 启动中...
2024-11-16 20:26:50,712	[INFO]	(gateway.py:142)ws_identify	[botpy] 鉴权中...
2024-11-16 20:26:50,769	[INFO]	(gateway.py:142)ws_identify	[botpy] 鉴权中...
2024-11-16 20:26:50,809	[INFO]	(gateway.py:85)on_message	[botpy] 机器人「葡叶酱-测试中」启动成功！
2024-11-16 20:26:50,809	[INFO]	(gateway.py:223)_send_heart	[botpy] 心跳维持启动...
2024-11-16 20:26:50,809	[INFO]	(channel_handler.py:20)on_ready	频道文字机器人 「葡叶酱-测试中」 已启动！
2024-11-16 20:26:50,843	[INFO]	(gateway.py:56)on_closed	[botpy] 关闭, 返回码: 4903, 返回信息: create session error
2024-11-16 20:26:50,843	[INFO]	(gateway.py:62)on_closed	[botpy] 无法重连，创建新连接!
2024-11-16 20:26:50,843	[INFO]	(gateway.py:134)ws_connect	[botpy] ws关闭, 停止接收消息!
2024-11-16 20:26:55,848	[INFO]	(connection.py:60)multi_run	[botpy] 最大并发连接数: 1, 启动会话数: 1
2024-11-16 20:26:55,848	[INFO]	(client.py:242)bot_connect	[botpy] 会话启动中...
2024-11-16 20:26:55,848	[INFO]	(gateway.py:115)ws_connect	[botpy] 启动中...
2024-11-16 20:26:56,078	[INFO]	(gateway.py:142)ws_identify	[botpy] 鉴权中...
2024-11-16 20:26:56,186	[INFO]	(gateway.py:85)on_message	[botpy] 机器人「葡叶酱-测试中」启动成功！
2024-11-16 20:26:56,186	[INFO]	(gateway.py:223)_send_heart	[botpy] 心跳维持启动...
2024-11-16 20:26:56,186	[INFO]	(channel_files_handler.py:35)on_ready	频道文件机器人 「葡叶酱-测试中」 已启动！
2024-11-16 20:56:28,851	[INFO]	(client.py:162)_bot_login	[botpy] 登录机器人账号中...
2024-11-16 20:56:28,874	[INFO]	(client.py:162)_bot_login	[botpy] 登录机器人账号中...
2024-11-16 20:56:28,875	[INFO]	(client.py:162)_bot_login	[botpy] 登录机器人账号中...
2024-11-16 20:56:28,875	[INFO]	(client.py:162)_bot_login	[botpy] 登录机器人账号中...
2024-11-16 20:56:29,032	[INFO]	(robot.py:65)update_access_token	[botpy] access_token expires_in 3368
2024-11-16 20:56:29,035	[INFO]	(robot.py:65)update_access_token	[botpy] access_token expires_in 3368
2024-11-16 20:56:29,035	[INFO]	(robot.py:65)update_access_token	[botpy] access_token expires_in 3368
2024-11-16 20:56:29,049	[INFO]	(robot.py:65)update_access_token	[botpy] access_token expires_in 3368
2024-11-16 20:56:29,496	[INFO]	(client.py:181)_bot_init	[botpy] 程序启动...
2024-11-16 20:56:29,496	[INFO]	(connection.py:60)multi_run	[botpy] 最大并发连接数: 1, 启动会话数: 1
2024-11-16 20:56:29,497	[INFO]	(client.py:242)bot_connect	[botpy] 会话启动中...
2024-11-16 20:56:29,497	[INFO]	(gateway.py:115)ws_connect	[botpy] 启动中...
2024-11-16 20:56:29,503	[INFO]	(client.py:181)_bot_init	[botpy] 程序启动...
2024-11-16 20:56:29,503	[INFO]	(connection.py:60)multi_run	[botpy] 最大并发连接数: 1, 启动会话数: 1
2024-11-16 20:56:29,503	[INFO]	(client.py:242)bot_connect	[botpy] 会话启动中...
2024-11-16 20:56:29,503	[INFO]	(gateway.py:115)ws_connect	[botpy] 启动中...
2024-11-16 20:56:29,512	[INFO]	(client.py:181)_bot_init	[botpy] 程序启动...
2024-11-16 20:56:29,512	[INFO]	(connection.py:60)multi_run	[botpy] 最大并发连接数: 1, 启动会话数: 1
2024-11-16 20:56:29,512	[INFO]	(client.py:242)bot_connect	[botpy] 会话启动中...
2024-11-16 20:56:29,514	[INFO]	(gateway.py:115)ws_connect	[botpy] 启动中...
2024-11-16 20:56:29,529	[INFO]	(client.py:181)_bot_init	[botpy] 程序启动...
2024-11-16 20:56:29,530	[INFO]	(connection.py:60)multi_run	[botpy] 最大并发连接数: 1, 启动会话数: 1
2024-11-16 20:56:29,530	[INFO]	(client.py:242)bot_connect	[botpy] 会话启动中...
2024-11-16 20:56:29,530	[INFO]	(gateway.py:115)ws_connect	[botpy] 启动中...
2024-11-16 20:56:29,648	[INFO]	(gateway.py:142)ws_identify	[botpy] 鉴权中...
2024-11-16 20:56:29,650	[INFO]	(gateway.py:142)ws_identify	[botpy] 鉴权中...
2024-11-16 20:56:29,675	[INFO]	(gateway.py:142)ws_identify	[botpy] 鉴权中...
2024-11-16 20:56:29,721	[INFO]	(gateway.py:56)on_closed	[botpy] 关闭, 返回码: 4903, 返回信息: create session error
2024-11-16 20:56:29,721	[INFO]	(gateway.py:62)on_closed	[botpy] 无法重连，创建新连接!
2024-11-16 20:56:29,721	[INFO]	(gateway.py:134)ws_connect	[botpy] ws关闭, 停止接收消息!
2024-11-16 20:56:29,723	[INFO]	(gateway.py:142)ws_identify	[botpy] 鉴权中...
2024-11-16 20:56:29,744	[INFO]	(gateway.py:85)on_message	[botpy] 机器人「葡叶酱-测试中」启动成功！
2024-11-16 20:56:29,745	[INFO]	(gateway.py:223)_send_heart	[botpy] 心跳维持启动...
2024-11-16 20:56:29,745	[INFO]	(channel_files_handler.py:35)on_ready	频道文件机器人 「葡叶酱-测试中」 已启动！
2024-11-16 20:56:29,747	[INFO]	(gateway.py:56)on_closed	[botpy] 关闭, 返回码: 4903, 返回信息: create session error
2024-11-16 20:56:29,747	[INFO]	(gateway.py:62)on_closed	[botpy] 无法重连，创建新连接!
2024-11-16 20:56:29,747	[INFO]	(gateway.py:134)ws_connect	[botpy] ws关闭, 停止接收消息!
2024-11-16 20:56:29,791	[INFO]	(gateway.py:56)on_closed	[botpy] 关闭, 返回码: 4903, 返回信息: create session error
2024-11-16 20:56:29,791	[INFO]	(gateway.py:62)on_closed	[botpy] 无法重连，创建新连接!
2024-11-16 20:56:29,791	[INFO]	(gateway.py:134)ws_connect	[botpy] ws关闭, 停止接收消息!
2024-11-16 20:56:34,745	[INFO]	(connection.py:60)multi_run	[botpy] 最大并发连接数: 1, 启动会话数: 1
2024-11-16 20:56:34,745	[INFO]	(connection.py:60)multi_run	[botpy] 最大并发连接数: 1, 启动会话数: 1
2024-11-16 20:56:34,746	[INFO]	(client.py:242)bot_connect	[botpy] 会话启动中...
2024-11-16 20:56:34,746	[INFO]	(gateway.py:115)ws_connect	[botpy] 启动中...
2024-11-16 20:56:34,747	[INFO]	(client.py:242)bot_connect	[botpy] 会话启动中...
2024-11-16 20:56:34,748	[INFO]	(gateway.py:115)ws_connect	[botpy] 启动中...
2024-11-16 20:56:34,783	[INFO]	(connection.py:60)multi_run	[botpy] 最大并发连接数: 1, 启动会话数: 1
2024-11-16 20:56:34,783	[INFO]	(client.py:242)bot_connect	[botpy] 会话启动中...
2024-11-16 20:56:34,784	[INFO]	(gateway.py:115)ws_connect	[botpy] 启动中...
2024-11-16 20:56:34,897	[INFO]	(gateway.py:142)ws_identify	[botpy] 鉴权中...
2024-11-16 20:56:34,904	[INFO]	(gateway.py:142)ws_identify	[botpy] 鉴权中...
2024-11-16 20:56:34,961	[INFO]	(gateway.py:56)on_closed	[botpy] 关闭, 返回码: 4903, 返回信息: create session error
2024-11-16 20:56:34,961	[INFO]	(gateway.py:62)on_closed	[botpy] 无法重连，创建新连接!
2024-11-16 20:56:34,961	[INFO]	(gateway.py:134)ws_connect	[botpy] ws关闭, 停止接收消息!
2024-11-16 20:56:34,977	[INFO]	(gateway.py:85)on_message	[botpy] 机器人「葡叶酱-测试中」启动成功！
2024-11-16 20:56:34,978	[INFO]	(gateway.py:223)_send_heart	[botpy] 心跳维持启动...
2024-11-16 20:56:34,978	[INFO]	(group_handler.py:18)on_ready	群聊机器人 「葡叶酱-测试中」 已启动！
2024-11-16 20:56:34,999	[INFO]	(gateway.py:142)ws_identify	[botpy] 鉴权中...
2024-11-16 20:56:35,080	[INFO]	(gateway.py:56)on_closed	[botpy] 关闭, 返回码: 4903, 返回信息: create session error
2024-11-16 20:56:35,080	[INFO]	(gateway.py:62)on_closed	[botpy] 无法重连，创建新连接!
2024-11-16 20:56:35,080	[INFO]	(gateway.py:134)ws_connect	[botpy] ws关闭, 停止接收消息!
2024-11-16 20:56:39,961	[INFO]	(connection.py:60)multi_run	[botpy] 最大并发连接数: 1, 启动会话数: 1
2024-11-16 20:56:39,961	[INFO]	(client.py:242)bot_connect	[botpy] 会话启动中...
2024-11-16 20:56:39,962	[INFO]	(gateway.py:115)ws_connect	[botpy] 启动中...
2024-11-16 20:56:40,093	[INFO]	(connection.py:60)multi_run	[botpy] 最大并发连接数: 1, 启动会话数: 1
2024-11-16 20:56:40,094	[INFO]	(client.py:242)bot_connect	[botpy] 会话启动中...
2024-11-16 20:56:40,094	[INFO]	(gateway.py:115)ws_connect	[botpy] 启动中...
2024-11-16 20:56:40,142	[INFO]	(gateway.py:142)ws_identify	[botpy] 鉴权中...
2024-11-16 20:56:40,227	[INFO]	(gateway.py:85)on_message	[botpy] 机器人「葡叶酱-测试中」启动成功！
2024-11-16 20:56:40,227	[INFO]	(gateway.py:223)_send_heart	[botpy] 心跳维持启动...
2024-11-16 20:56:40,227	[INFO]	(channel_handler.py:20)on_ready	频道文字机器人 「葡叶酱-测试中」 已启动！
2024-11-16 20:56:40,257	[INFO]	(gateway.py:142)ws_identify	[botpy] 鉴权中...
2024-11-16 20:56:40,312	[INFO]	(gateway.py:56)on_closed	[botpy] 关闭, 返回码: 4903, 返回信息: create session error
2024-11-16 20:56:40,312	[INFO]	(gateway.py:62)on_closed	[botpy] 无法重连，创建新连接!
2024-11-16 20:56:40,312	[INFO]	(gateway.py:134)ws_connect	[botpy] ws关闭, 停止接收消息!
2024-11-16 20:56:45,306	[INFO]	(connection.py:60)multi_run	[botpy] 最大并发连接数: 1, 启动会话数: 1
2024-11-16 20:56:45,306	[INFO]	(client.py:242)bot_connect	[botpy] 会话启动中...
2024-11-16 20:56:45,306	[INFO]	(gateway.py:115)ws_connect	[botpy] 启动中...
2024-11-16 20:56:45,457	[INFO]	(gateway.py:142)ws_identify	[botpy] 鉴权中...
2024-11-16 20:56:45,542	[INFO]	(gateway.py:85)on_message	[botpy] 机器人「葡叶酱-测试中」启动成功！
2024-11-16 20:56:45,542	[INFO]	(gateway.py:223)_send_heart	[botpy] 心跳维持启动...
2024-11-16 20:56:45,542	[INFO]	(private_handler.py:17)on_ready	私信机器人 「葡叶酱-测试中」 已启动！
